0 info it worked if it ends with ok
1 verbose cli [ '/home/yarhouse/local/bin/node',
1 verbose cli   '/home/yarhouse/local/bin/npm',
1 verbose cli   'start' ]
2 info using npm@1.4.28
3 info using node@v0.10.35
4 error Failed to parse json
4 error Unexpected token }
5 error File: /home/yarhouse/Projects/personal_website/package.json
6 error Failed to parse package.json data.
6 error package.json must be actual JSON, not just JavaScript.
6 error
6 error This is not a bug in npm.
6 error Tell the package author to fix their package.json file. JSON.parse
7 error System Linux 3.16.0-29-generic
8 error command "/home/yarhouse/local/bin/node" "/home/yarhouse/local/bin/npm" "start"
9 error cwd /home/yarhouse/Projects/personal_website
10 error node -v v0.10.35
11 error npm -v 1.4.28
12 error file /home/yarhouse/Projects/personal_website/package.json
13 error code EJSONPARSE
14 verbose exit [ 1, true ]
